<?xml version="1.0" encoding="UTF-8" ?>
<testsuite tests="11" failures="0" name="DNA.mapper.DepartmentMapperTest" time="0.017" errors="0" skipped="0">
  <properties>
[...]
</properties>
  <testcase classname="DNA.mapper.DepartmentMapperTest" name="updateByExampleSelective" time="0.011"/>
  <testcase classname="DNA.mapper.DepartmentMapperTest" name="selectByPrimaryKey" time="0"/>
  <testcase classname="DNA.mapper.DepartmentMapperTest" name="insert" time="0"/>
  <testcase classname="DNA.mapper.DepartmentMapperTest" name="selectByExample" time="0"/>
  <testcase classname="DNA.mapper.DepartmentMapperTest" name="deleteByExample" time="0.001"/>
  <testcase classname="DNA.mapper.DepartmentMapperTest" name="insertSelective" time="0"/>
  <testcase classname="DNA.mapper.DepartmentMapperTest" name="deleteByPrimaryKey" time="0.001"/>
  <testcase classname="DNA.mapper.DepartmentMapperTest" name="updateByExample" time="0.001"/>
  <testcase classname="DNA.mapper.DepartmentMapperTest" name="updateByPrimaryKey" time="0.001"/>
  <testcase classname="DNA.mapper.DepartmentMapperTest" name="countByExample" time="0.001"/>
  <testcase classname="DNA.mapper.DepartmentMapperTest" name="updateByPrimaryKeySelective" time="0.001"/>
</testsuite>